<?xml version="1.0" encoding="UTF-8"?>
<!-- Generated by org.testng.reporters.JUnitXMLReporter -->
<testsuite hostname="INBGQT-LT-0295" ignored="0" name="Test" tests="7" failures="0" timestamp="13 Jul 2018 06:42:42 GMT" time="124.932" errors="0">
  <testcase name="logInNlogOutTest" time="23.127" classname="com.tests.TestRunner"/>
  <testcase name="logInNlogOutTest" time="22.6" classname="com.tests.TestRunner"/>
  <testcase name="logInNlogOutTest" time="9.762" classname="com.tests.TestRunner"/>
  <testcase name="logInNlogOutTest" time="21.239" classname="com.tests.TestRunner"/>
  <testcase name="LoginPageTest" time="21.745" classname="com.tests.TestRunner"/>
  <testcase name="LoginPageTest" time="22.49" classname="com.tests.TestRunner"/>
  <testcase name="LoginPageTest" time="2.514" classname="com.tests.TestRunner"/>
</testsuite> <!-- Test -->
