<?xml version="1.0" encoding="UTF-8"?>
<!-- Generated by org.testng.reporters.JUnitXMLReporter -->
<testsuite hostname="INBGQT-LT-0295" ignored="0" name="Test" tests="3" failures="0" timestamp="12 Jul 2018 09:00:14 GMT" time="50.775" errors="0">
  <testcase name="LoginPageTest" time="24.816" classname="com.tests.TestRunner"/>
  <testcase name="LoginPageTest" time="22.089" classname="com.tests.TestRunner"/>
  <testcase name="LoginPageTest" time="3.071" classname="com.tests.TestRunner"/>
</testsuite> <!-- Test -->
