<?xml version="1.0" encoding="UTF-8"?>
<testng-results skipped="0" failed="0" ignored="0" total="7" passed="7">
    <reporter-output>
    </reporter-output>
    <suite name="SeleniumPageFactoryExample" duration-ms="127303" started-at="2018-11-09T07:22:40Z"
           finished-at="2018-11-09T07:24:47Z">
        <groups>
        </groups>
        <test name="Test" duration-ms="127303" started-at="2018-11-09T07:22:40Z" finished-at="2018-11-09T07:24:47Z">
            <class name="com.tests.TestRunner">
                <test-method status="PASS" signature="setUp()[pri:0, instance:com.tests.TestRunner@2b2948e2]"
                             name="setUp" is-config="true" duration-ms="43427" started-at="2018-11-09T07:21:57Z"
                             finished-at="2018-11-09T07:22:40Z">
                    <reporter-output>
                    </reporter-output>
                </test-method> <!-- setUp -->
                <test-method status="PASS"
                             signature="logInNlogOutTest(java.lang.String, java.lang.String)[pri:1, instance:com.tests.TestRunner@2b2948e2]"
                             name="logInNlogOutTest" duration-ms="22484" started-at="2018-11-09T07:22:40Z"
                             data-provider="loginCredentials" finished-at="2018-11-09T07:23:03Z">
                    <params>
                        <param index="0">
                            <value>
                                <![CDATA[ADMIN]]>
                            </value>
                        </param>
                        <param index="1">
                            <value>
                                <![CDATA[124556]]>
                            </value>
                        </param>
                    </params>
                    <reporter-output>
                    </reporter-output>
                </test-method> <!-- logInNlogOutTest -->
                <test-method status="PASS"
                             signature="logInNlogOutTest(java.lang.String, java.lang.String)[pri:1, instance:com.tests.TestRunner@2b2948e2]"
                             name="logInNlogOutTest" duration-ms="22538" started-at="2018-11-09T07:23:03Z"
                             data-provider="loginCredentials" finished-at="2018-11-09T07:23:25Z">
                    <params>
                        <param index="0">
                            <value>
                                <![CDATA[wefrgefdr]]>
                            </value>
                        </param>
                        <param index="1">
                            <value>
                                <![CDATA[pass]]>
                            </value>
                        </param>
                    </params>
                    <reporter-output>
                    </reporter-output>
                </test-method> <!-- logInNlogOutTest -->
                <test-method status="PASS"
                             signature="logInNlogOutTest(java.lang.String, java.lang.String)[pri:1, instance:com.tests.TestRunner@2b2948e2]"
                             name="logInNlogOutTest" duration-ms="7829" started-at="2018-11-09T07:23:25Z"
                             data-provider="loginCredentials" finished-at="2018-11-09T07:23:33Z">
                    <params>
                        <param index="0">
                            <value>
                                <![CDATA[admin]]>
                            </value>
                        </param>
                        <param index="1">
                            <value>
                                <![CDATA[password]]>
                            </value>
                        </param>
                    </params>
                    <reporter-output>
                    </reporter-output>
                </test-method> <!-- logInNlogOutTest -->
                <test-method status="PASS"
                             signature="logInNlogOutTest(java.lang.String, java.lang.String)[pri:1, instance:com.tests.TestRunner@2b2948e2]"
                             name="logInNlogOutTest" duration-ms="21655" started-at="2018-11-09T07:23:33Z"
                             data-provider="loginCredentials" finished-at="2018-11-09T07:23:55Z">
                    <params>
                        <param index="0">
                            <value>
                                <![CDATA[12345]]>
                            </value>
                        </param>
                        <param index="1">
                            <value>
                                <![CDATA[12345]]>
                            </value>
                        </param>
                    </params>
                    <reporter-output>
                    </reporter-output>
                </test-method> <!-- logInNlogOutTest -->
                <test-method status="PASS"
                             signature="LoginPageTest(java.lang.String, java.lang.String)[pri:2, instance:com.tests.TestRunner@2b2948e2]"
                             name="LoginPageTest" duration-ms="22881" started-at="2018-11-09T07:23:56Z"
                             data-provider="Excel" finished-at="2018-11-09T07:24:19Z">
                    <params>
                        <param index="0">
                            <value>
                                <![CDATA[USERNAME]]>
                            </value>
                        </param>
                        <param index="1">
                            <value>
                                <![CDATA[PASSWORD]]>
                            </value>
                        </param>
                    </params>
                    <reporter-output>
                    </reporter-output>
                </test-method> <!-- LoginPageTest -->
                <test-method status="PASS"
                             signature="LoginPageTest(java.lang.String, java.lang.String)[pri:2, instance:com.tests.TestRunner@2b2948e2]"
                             name="LoginPageTest" duration-ms="22399" started-at="2018-11-09T07:24:19Z"
                             data-provider="Excel" finished-at="2018-11-09T07:24:41Z">
                    <params>
                        <param index="0">
                            <value>
                                <![CDATA[ADMIN]]>
                            </value>
                        </param>
                        <param index="1">
                            <value>
                                <![CDATA[PASSWORD]]>
                            </value>
                        </param>
                    </params>
                    <reporter-output>
                    </reporter-output>
                </test-method> <!-- LoginPageTest -->
                <test-method status="PASS"
                             signature="LoginPageTest(java.lang.String, java.lang.String)[pri:2, instance:com.tests.TestRunner@2b2948e2]"
                             name="LoginPageTest" duration-ms="5487" started-at="2018-11-09T07:24:41Z"
                             data-provider="Excel" finished-at="2018-11-09T07:24:47Z">
                    <params>
                        <param index="0">
                            <value>
                                <![CDATA[admin]]>
                            </value>
                        </param>
                        <param index="1">
                            <value>
                                <![CDATA[password]]>
                            </value>
                        </param>
                    </params>
                    <reporter-output>
                    </reporter-output>
                </test-method> <!-- LoginPageTest -->
                <test-method status="PASS" signature="tearDown()[pri:0, instance:com.tests.TestRunner@2b2948e2]"
                             name="tearDown" is-config="true" duration-ms="735" started-at="2018-11-09T07:24:47Z"
                             finished-at="2018-11-09T07:24:47Z">
                    <reporter-output>
                    </reporter-output>
                </test-method> <!-- tearDown -->
            </class> <!-- com.tests.TestRunner -->
        </test> <!-- Test -->
    </suite> <!-- SeleniumPageFactoryExample -->
</testng-results>
