<?xml version="1.0" encoding="UTF-8"?>
<testng-results skipped="0" failed="0" ignored="0" total="2" passed="2">
    <reporter-output>
    </reporter-output>
    <suite name="SeleniumPageFactoryExample" duration-ms="21186" started-at="2018-07-04T10:03:01Z"
           finished-at="2018-07-04T10:03:22Z">
        <groups>
        </groups>
        <test name="Test" duration-ms="21186" started-at="2018-07-04T10:03:01Z" finished-at="2018-07-04T10:03:22Z">
            <class name="com.tests.Test_HomePage">
                <test-method status="PASS" signature="setUp()[pri:0, instance:com.tests.Test_HomePage@7e0b0338]"
                             name="setUp" is-config="true" duration-ms="8501" started-at="2018-07-04T10:03:01Z"
                             finished-at="2018-07-04T10:03:09Z">
                    <reporter-output>
                    </reporter-output>
                </test-method> <!-- setUp -->
                <test-method status="PASS" signature="LoginPageTest()[pri:0, instance:com.tests.Test_HomePage@7e0b0338]"
                             name="LoginPageTest" duration-ms="4473" started-at="2018-07-04T10:03:09Z"
                             finished-at="2018-07-04T10:03:14Z">
                    <reporter-output>
                    </reporter-output>
                </test-method> <!-- LoginPageTest -->
                <test-method status="PASS"
                             signature="DashboardPageTest()[pri:0, instance:com.tests.Test_HomePage@7e0b0338]"
                             name="DashboardPageTest" duration-ms="8086" started-at="2018-07-04T10:03:14Z"
                             depends-on-methods="com.tests.Test_HomePage.LoginPageTest"
                             finished-at="2018-07-04T10:03:22Z">
                    <reporter-output>
                    </reporter-output>
                </test-method> <!-- DashboardPageTest -->
                <test-method status="PASS" signature="tearDown()[pri:0, instance:com.tests.Test_HomePage@7e0b0338]"
                             name="tearDown" is-config="true" duration-ms="108" started-at="2018-07-04T10:03:22Z"
                             finished-at="2018-07-04T10:03:22Z">
                    <reporter-output>
                    </reporter-output>
                </test-method> <!-- tearDown -->
            </class> <!-- com.tests.Test_HomePage -->
        </test> <!-- Test -->
    </suite> <!-- SeleniumPageFactoryExample -->
</testng-results>
